<?xml version="1.0" encoding="UTF-8"?>
<coverage generated="1630042508146" clover="3.2.0">
  <project timestamp="1630042508146" name="All files">
    <metrics statements="3" coveredstatements="2" conditionals="0" coveredconditionals="0" methods="3" coveredmethods="2" elements="6" coveredelements="4" complexity="0" loc="3" ncloc="3" packages="2" files="3" classes="3"/>
    <package name="components">
      <metrics statements="2" coveredstatements="2" conditionals="0" coveredconditionals="0" methods="2" coveredmethods="2"/>
      <file name="HelloWorld.vue" path="C:\Users\cloudstone\Desktop\vue\jestproject2\src\components\HelloWorld.vue">
        <metrics statements="1" coveredstatements="1" conditionals="0" coveredconditionals="0" methods="1" coveredmethods="1"/>
        <line num="12" count="1" type="stmt"/>
      </file>
      <file name="Home.vue" path="C:\Users\cloudstone\Desktop\vue\jestproject2\src\components\Home.vue">
        <metrics statements="1" coveredstatements="1" conditionals="0" coveredconditionals="0" methods="1" coveredmethods="1"/>
        <line num="11" count="1" type="stmt"/>
      </file>
    </package>
    <package name="components.todo">
      <metrics statements="1" coveredstatements="0" conditionals="0" coveredconditionals="0" methods="1" coveredmethods="0"/>
      <file name="TodoList.vue" path="C:\Users\cloudstone\Desktop\vue\jestproject2\src\components\todo\TodoList.vue">
        <metrics statements="1" coveredstatements="0" conditionals="0" coveredconditionals="0" methods="1" coveredmethods="0"/>
        <line num="18" count="0" type="stmt"/>
      </file>
    </package>
  </project>
</coverage>
