{"C:\\Users\\cloudstone\\Desktop\\vue\\jestproject2\\src\\components\\HelloWorld.vue": {"path":"C:\\Users\\cloudstone\\Desktop\\vue\\jestproject2\\src\\components\\HelloWorld.vue","statementMap":{"0":{"start":{"line":12,"column":0},"end":{"line":12,"column":null}}},"fnMap":{"0":{"name":"(anonymous_1)","decl":{"start":{"line":11,"column":0},"end":{"line":11,"column":null}},"loc":{"start":{"line":11,"column":0},"end":{"line":15,"column":null}}}},"branchMap":{},"s":{"0":1},"f":{"0":1},"b":{}}
,"C:\\Users\\cloudstone\\Desktop\\vue\\jestproject2\\src\\components\\Home.vue": {"path":"C:\\Users\\cloudstone\\Desktop\\vue\\jestproject2\\src\\components\\Home.vue","statementMap":{"0":{"start":{"line":11,"column":0},"end":{"line":11,"column":null}}},"fnMap":{"0":{"name":"(anonymous_1)","decl":{"start":{"line":10,"column":0},"end":{"line":10,"column":null}},"loc":{"start":{"line":10,"column":0},"end":{"line":14,"column":null}}}},"branchMap":{},"s":{"0":1},"f":{"0":1},"b":{}}
,"C:\\Users\\cloudstone\\Desktop\\vue\\jestproject2\\src\\components\\todo\\TodoList.vue": {"path":"C:\\Users\\cloudstone\\Desktop\\vue\\jestproject2\\src\\components\\todo\\TodoList.vue","statementMap":{"0":{"start":{"line":18,"column":0},"end":{"line":18,"column":null}}},"fnMap":{"0":{"name":"(anonymous_1)","decl":{"start":{"line":17,"column":0},"end":{"line":17,"column":null}},"loc":{"start":{"line":17,"column":0},"end":{"line":40,"column":null}}}},"branchMap":{},"s":{"0":0},"f":{"0":0},"b":{}}
}
